[0m11:31:22.203454 [debug] [MainThread]: Sending event: {'category': 'dbt', 'action': 'invocation', 'label': 'start', 'context': [<snowplow_tracker.self_describing_json.SelfDescribingJson object at 0x750de60370e0>, <snowplow_tracker.self_describing_json.SelfDescribingJson object at 0x750de502fd90>, <snowplow_tracker.self_describing_json.SelfDescribingJson object at 0x750de502f9d0>]}


============================== 11:31:22.206721 | fa06877e-1c1e-41dc-9828-373b5a026bc0 ==============================
[0m11:31:22.206721 [info ] [MainThread]: Running with dbt=1.10.2
[0m11:31:22.207246 [debug] [MainThread]: running dbt with arguments {'printer_width': '80', 'indirect_selection': 'eager', 'log_cache_events': 'False', 'write_json': 'True', 'partial_parse': 'True', 'cache_selected_only': 'False', 'warn_error': 'None', 'fail_fast': 'False', 'profiles_dir': '/home/zcz/.dbt', 'log_path': 'logs', 'version_check': 'True', 'debug': 'False', 'use_colors': 'True', 'use_experimental_parser': 'False', 'no_print': 'None', 'quiet': 'False', 'empty': 'None', 'log_format': 'default', 'introspect': 'True', 'invocation_command': 'dbt init', 'static_parser': 'True', 'target_path': 'None', 'warn_error_options': 'WarnErrorOptionsV2(error=[], warn=[], silence=[])', 'send_anonymous_usage_stats': 'True'}
[0m11:31:29.022049 [debug] [MainThread]: Starter project path: /home/zcz/PycharmProjects/PythonProject/.venv/lib/python3.13/site-packages/dbt/include/starter_project
[0m11:31:29.024979 [info ] [MainThread]: 
Your new dbt project "custom_postgres" was created!

For more information on how to configure the profiles.yml file,
please consult the dbt documentation here:

  https://docs.getdbt.com/docs/configure-your-profile

One more thing:

Need help? Don't hesitate to reach out to us via GitHub issues or on Slack:

  https://community.getdbt.com/

Happy modeling!

[0m11:31:29.025504 [info ] [MainThread]: Setting up your profile.
[0m11:33:04.240992 [info ] [MainThread]: Profile custom_postgres written to /home/zcz/.dbt/profiles.yml using target's profile_template.yml and your supplied values. Run 'dbt debug' to validate the connection.
[0m11:33:04.242780 [debug] [MainThread]: Resource report: {"command_name": "init", "command_success": true, "command_wall_clock_time": 102.09514, "process_in_blocks": "0", "process_kernel_time": 0.125876, "process_mem_max_rss": "103824", "process_out_blocks": "88", "process_user_time": 1.373652}
[0m11:33:04.243667 [debug] [MainThread]: Command `dbt init` succeeded at 11:33:04.243490 after 102.10 seconds
[0m11:33:04.244355 [debug] [MainThread]: Sending event: {'category': 'dbt', 'action': 'invocation', 'label': 'end', 'context': [<snowplow_tracker.self_describing_json.SelfDescribingJson object at 0x750de4db1480>, <snowplow_tracker.self_describing_json.SelfDescribingJson object at 0x750de577fe30>, <snowplow_tracker.self_describing_json.SelfDescribingJson object at 0x750de4da4160>]}
[0m11:33:04.245273 [debug] [MainThread]: Flushing usage events
[0m11:33:05.521935 [debug] [MainThread]: An error was encountered while trying to flush usage events
